<?xml version="1.0" encoding="UTF-8"?>
<!-- Generated by org.testng.reporters.JUnitReportReporter -->
<testsuite hostname="JessesHP" failures="0" tests="1" name="testCases.SmokeTests.SlideMenusSmoke" time="20.164" errors="0" timestamp="2023-07-28T15:19:07 EDT" skipped="0">
  <testcase classname="testCases.SmokeTests.SlideMenusSmoke" name="TopMenusSmokeTest" time="20.164"/>
  <system-out>
    <![CDATA[Beginning Login Modular Test...
Waiting for page to load completely...
The page '' is fully loaded now.
Method: setEmail
Method: setPassword
Method: readEmail
Email Address: jesse.childress@aretecinc.com
Method: readEmail
Method: clickLogin
Waiting for page to load completely...
The page '' is fully loaded now.
Expected URL: https://test.dataimagineers.ai/
Current URL : https://test.dataimagineers.ai/
Waiting for page to load completely...
The page 'Test App' is fully loaded now.
Expected URL: https://test.dataimagineers.ai/
Current URL : https://test.dataimagineers.ai/
Method: isHomeLinkPresent
Method: isDocumentsSlideLinkPresent
Method: isQandASlideLinkPresent
Method: isHistoryPresent
Method: isAboutSlideLinkPresent
Method: clickDocumentsSlideMenuLink
Waiting for page to load completely...
The page 'Test App' is fully loaded now.
Expected URL: https://test.dataimagineers.ai/documents
Current URL : https://test.dataimagineers.ai/documents
Method: clickHomeSlideMenuLink
Waiting for page to load completely...
The page 'Test App' is fully loaded now.
Expected URL: https://test.dataimagineers.ai/
Current URL : https://test.dataimagineers.ai/
Method: clickQandASlideLink
Waiting for page to load completely...
The page 'Test App' is fully loaded now.
Expected URL: https://test.dataimagineers.ai/q-and-a
Current URL : https://test.dataimagineers.ai/q-and-a
Waiting for page to load completely...
The page 'Test App' is fully loaded now.
Method: clickHistorySlideLink
Waiting for page to load completely...
The page 'Test App' is fully loaded now.
Expected URL: https://test.dataimagineers.ai/history
Current URL : https://test.dataimagineers.ai/history
Method: clickHomeSlideMenuLink
Waiting for page to load completely...
The page 'Test App' is fully loaded now.
Expected URL: https://test.dataimagineers.ai/
Current URL : https://test.dataimagineers.ai/]]>
  </system-out>
</testsuite> <!-- testCases.SmokeTests.SlideMenusSmoke -->
