<?xml version="1.0" encoding="UTF-8"?>
<!-- Generated by org.testng.reporters.JUnitReportReporter -->
<testsuite hostname="JessesHP" failures="0" tests="1" name="testCases.SmokeTests.LeftMenusSmoke" time="34.752" errors="0" timestamp="2023-07-28T15:19:07 EDT" skipped="0">
  <testcase classname="testCases.SmokeTests.LeftMenusSmoke" name="leftMenusSmoke" time="34.752"/>
  <system-out>
    <![CDATA[Beginning Login Modular Test...
Waiting for page to load completely...
The page '' is fully loaded now.
Method: setEmail
Method: setPassword
Method: readEmail
Email Address: jesse.childress@aretecinc.com
Method: readEmail
Method: clickLogin
Waiting for page to load completely...
The page '' is fully loaded now.
Expected URL: https://test.dataimagineers.ai/
Current URL : https://test.dataimagineers.ai/
Waiting for page to load completely...
The page 'Test App' is fully loaded now.
Expected URL: https://test.dataimagineers.ai/
Current URL : https://test.dataimagineers.ai/
Method: clickAllDomainsButton
Method: openClosedDomains
Beginning Search Modular Test...
This is for the main search page from login...
Waiting for page to load completely...
The page 'Test App' is fully loaded now.
Expected URL: https://test.dataimagineers.ai/
Current URL : https://test.dataimagineers.ai/
Method: clickAllDomainsButton
All Domains Button already clicked. Menus already present on page.
Method: openClosedDomains
Method: selectDomain
Method: clickAllDomainsButton
All Domains Button already clicked. Menus already present on page.
Method: openClosedDomains
Method: setSearchField
Method: readSearchField
Waiting for page to load completely...
The page 'Test App' is fully loaded now.
Expected URL: https://test.dataimagineers.ai/search-result.*
Current URL : https://test.dataimagineers.ai/search-result?search=What%20is%20software%20testing?
Waiting for page to load completely...
The page 'Test App' is fully loaded now.
Method: clickDocumentsSlideMenuLink
Waiting for page to load completely...
The page 'Test App' is fully loaded now.
Expected URL: https://test.dataimagineers.ai/documents
Current URL : https://test.dataimagineers.ai/documents
Method: isDatePresent
Method: clickDate
Method: isDocumentsPresent
Method: clickDocuments
Method: isCategoryPresent
Method: clickCategory
Method: isDomainsPresent
Method: clickDomains
Method: isHistoryPresent
Method: clickHistory]]>
  </system-out>
</testsuite> <!-- testCases.SmokeTests.LeftMenusSmoke -->
