<?xml version="1.0" encoding="UTF-8"?>
<!-- Generated by org.testng.reporters.JUnitReportReporter -->
<testsuite hostname="JessesHP" failures="0" tests="1" name="testCases.SearchResultsAnswer" time="19.652" errors="0" timestamp="2023-08-07T09:41:21 EDT" skipped="0">
  <testcase classname="testCases.SearchResultsAnswer" name="searchAnswerValidation" time="19.652"/>
  <system-out>
    <![CDATA[Beginning test for a Search Results > Answer...
Beginning Login Modular Test...
Waiting for page to load completely...
The page '' is fully loaded now.
Method: setEmail
Method: setPassword
Method: readEmail
Email Address: jesse.childress@aretecinc.com
Method: readEmail
Method: clickLogin
Waiting for page to load completely...
The page '' is fully loaded now.
Expected URL: https://test.dataimagineers.ai/
Current URL : https://test.dataimagineers.ai/login
Beginning Search Modular Test...
This is for the main search page from login...
Waiting for page to load completely...
The page 'Test App' is fully loaded now.
Expected URL: https://test.dataimagineers.ai/
Current URL : https://test.dataimagineers.ai/
Method: clickAllDomainsButton
Method: openClosedDomains
Method: selectDomain
Method: clickAllDomainsButton
All Domains Button already clicked. Menus already present on page.
Method: openClosedDomains
Method: setSearchField
Method: readSearchField
Waiting for page to load completely...
The page 'Test App' is fully loaded now.
Expected URL: https://test.dataimagineers.ai/search-result.*
Current URL : https://test.dataimagineers.ai/search-result?search=How%20can%20Aretec%20save%20money%20on%20taxes?
Waiting for page to load completely...
The page 'Test App' is fully loaded now.
Method: readAnswer
Method: waitForAnswerGeneration
Waited on Answer text for: 3 seconds.]]>
  </system-out>
</testsuite> <!-- testCases.SearchResultsAnswer -->
