<?xml version="1.0" encoding="UTF-8"?>
<!-- Generated by org.testng.reporters.JUnitReportReporter -->
<testsuite hostname="JessesHP" failures="0" tests="1" name="testCases.RecentSearches" time="33.226" errors="0" timestamp="2023-08-07T09:41:21 EDT" skipped="0">
  <testcase classname="testCases.RecentSearches" name="validateRecentSearches" time="33.226"/>
  <system-out>
    <![CDATA[Beginning test for Recent search text...
Beginning Login Modular Test...
Waiting for page to load completely...
The page '' is fully loaded now.
Method: setEmail
Method: setPassword
Method: readEmail
Email Address: jesse.childress@aretecinc.com
Method: readEmail
Method: clickLogin
Waiting for page to load completely...
The page '' is fully loaded now.
Expected URL: https://test.dataimagineers.ai/
Current URL : https://test.dataimagineers.ai/login
Beginning Search Modular Test...
This is for the main search page from login...
Waiting for page to load completely...
The page '' is fully loaded now.
Expected URL: https://test.dataimagineers.ai/
Current URL : https://test.dataimagineers.ai/
Method: clickAllDomainsButton
Method: openClosedDomains
Method: selectDomain
Method: clickAllDomainsButton
All Domains Button already clicked. Menus already present on page.
Method: openClosedDomains
Method: setSearchField
Method: readSearchField
Waiting for page to load completely...
The page 'Test App' is fully loaded now.
Expected URL: https://test.dataimagineers.ai/search-result.*
Current URL : https://test.dataimagineers.ai/search-result?search=What%20does%20aretec%20do%20to%20grow%20and%20retain%20business?
Waiting for page to load completely...
The page 'Test App' is fully loaded now.
Method: readAnswer
Method: waitForAnswerGeneration
Waited on Answer text for: 13 seconds.
Method: clickHomeSlideMenuLink
Waiting for page to load completely...
The page 'Test App' is fully loaded now.
Expected URL: https://test.dataimagineers.ai/
Current URL : https://test.dataimagineers.ai/
Method: isSearchTextInRecentSearches
Current Search String: What does aretec do to grow and retain business?
Method: isSearchTextInRecentSearches]]>
  </system-out>
</testsuite> <!-- testCases.RecentSearches -->
