<?xml version="1.0" encoding="UTF-8"?>
<!-- Generated by org.testng.reporters.JUnitReportReporter -->
<testsuite hostname="JessesHP" failures="1" tests="1" name="testCases.SearchResultsHistoryValidation" time="44.175" errors="0" timestamp="2023-08-07T09:41:21 EDT" skipped="0">
  <testcase classname="testCases.SearchResultsHistoryValidation" name="searchResultsHistoryValidation" time="44.175">
    <failure message="Search Results &gt; History &gt; Original Answer Displayed expected [Based on the information provided in the context, it is stated that Aretec has seven years of experience in support of the U.S. Securities and Exchange Commission’s (SEC’s) analytic requirements. It is mentioned that Aretec has worked as a Subject Manager Expert/Quantitative Analyst for the SEC from September 2014 to April 2016. Aretec&#039;s experience includes consulting on statistical models to identify anomalies in High Frequency Trading and combat Money Laundering, conducting status meetings with stakeholders and development teams, gathering and validating requirements for IT infrastructure and custom software solutions, and working as a liaison between business owners, stakeholders, developers, and end-users at the SEC. Therefore, based on this information, it can be inferred that Aretec has experience working for the Securities and Exchange Commission.] but found [Based on the context provided, there is no information indicating whether Aretec has knowledge of how to change transmission fluid in a 1965 Shelby Cobra.]" type="java.lang.AssertionError">
      <![CDATA[java.lang.AssertionError: Search Results > History > Original Answer Displayed expected [Based on the information provided in the context, it is stated that Aretec has seven years of experience in support of the U.S. Securities and Exchange Commission’s (SEC’s) analytic requirements. It is mentioned that Aretec has worked as a Subject Manager Expert/Quantitative Analyst for the SEC from September 2014 to April 2016. Aretec's experience includes consulting on statistical models to identify anomalies in High Frequency Trading and combat Money Laundering, conducting status meetings with stakeholders and development teams, gathering and validating requirements for IT infrastructure and custom software solutions, and working as a liaison between business owners, stakeholders, developers, and end-users at the SEC. Therefore, based on this information, it can be inferred that Aretec has experience working for the Securities and Exchange Commission.] but found [Based on the context provided, there is no information indicating whether Aretec has knowledge of how to change transmission fluid in a 1965 Shelby Cobra.]
at org.testng.Assert.fail(Assert.java:110)
at org.testng.Assert.failNotEquals(Assert.java:1577)
at org.testng.Assert.assertEqualsImpl(Assert.java:149)
at org.testng.Assert.assertEquals(Assert.java:131)
at org.testng.Assert.assertEquals(Assert.java:655)
at testCases.SearchResultsHistoryValidation.searchResultsHistoryValidation(SearchResultsHistoryValidation.java:78)
at java.base/jdk.internal.reflect.NativeMethodAccessorImpl.invoke0(Native Method)
at java.base/jdk.internal.reflect.NativeMethodAccessorImpl.invoke(NativeMethodAccessorImpl.java:77)
at java.base/jdk.internal.reflect.DelegatingMethodAccessorImpl.invoke(DelegatingMethodAccessorImpl.java:43)
at java.base/java.lang.reflect.Method.invoke(Method.java:568)
at org.testng.internal.invokers.MethodInvocationHelper.invokeMethod(MethodInvocationHelper.java:139)
at org.testng.internal.invokers.TestInvoker.invokeMethod(TestInvoker.java:677)
at org.testng.internal.invokers.TestInvoker.invokeTestMethod(TestInvoker.java:221)
at org.testng.internal.invokers.MethodRunner.runInSequence(MethodRunner.java:50)
at org.testng.internal.invokers.TestInvoker$MethodInvocationAgent.invoke(TestInvoker.java:969)
at org.testng.internal.invokers.TestInvoker.invokeTestMethods(TestInvoker.java:194)
at org.testng.internal.invokers.TestMethodWorker.invokeTestMethods(TestMethodWorker.java:148)
at org.testng.internal.invokers.TestMethodWorker.run(TestMethodWorker.java:128)
at java.base/java.util.concurrent.ThreadPoolExecutor.runWorker(ThreadPoolExecutor.java:1136)
at java.base/java.util.concurrent.ThreadPoolExecutor$Worker.run(ThreadPoolExecutor.java:635)
at java.base/java.lang.Thread.run(Thread.java:833)
]]>
    </failure>
  </testcase> <!-- searchResultsHistoryValidation -->
  <system-out>
    <![CDATA[Beginning test for a Search Results > History
Beginning Login Modular Test...
Waiting for page to load completely...
The page '' is fully loaded now.
Method: setEmail
Method: setPassword
Method: readEmail
Email Address: jesse.childress@aretecinc.com
Method: readEmail
Method: clickLogin
Waiting for page to load completely...
The page '' is fully loaded now.
Expected URL: https://test.dataimagineers.ai/
Current URL : https://test.dataimagineers.ai/login
Beginning Search Modular Test...
This is for the main search page from login...
Waiting for page to load completely...
The page '' is fully loaded now.
Expected URL: https://test.dataimagineers.ai/
Current URL : https://test.dataimagineers.ai/
Method: clickAllDomainsButton
Method: openClosedDomains
Method: selectDomain
Method: clickAllDomainsButton
All Domains Button already clicked. Menus already present on page.
Method: openClosedDomains
Method: setSearchField
Method: readSearchField
Waiting for page to load completely...
The page 'Test App' is fully loaded now.
Expected URL: https://test.dataimagineers.ai/search-result.*
Current URL : https://test.dataimagineers.ai/search-result?search=Does%20Aretec%20have%20experience%20working%20for%20the%20Securities%20and%20Exchange%20Commission?
Waiting for page to load completely...
The page 'Test App' is fully loaded now.
Method: readAnswer
Method: waitForAnswerGeneration
Waited on Answer text for: 6 seconds.
Method: readAnswer
Method: waitForChatBPTAnswerGeneration
Waited on Chat GPT Answer text for: 1 seconds.
Method: clickHomeSlideMenuLink
Beginning Search Modular Test...
This is for the main search page from login...
Waiting for page to load completely...
The page 'Test App' is fully loaded now.
Expected URL: https://test.dataimagineers.ai/
Current URL : https://test.dataimagineers.ai/
Method: clickAllDomainsButton
Method: openClosedDomains
Method: selectDomain
Method: clickAllDomainsButton
All Domains Button already clicked. Menus already present on page.
Method: openClosedDomains
Method: setSearchField
Method: readSearchField
Waiting for page to load completely...
The page 'Test App' is fully loaded now.
Expected URL: https://test.dataimagineers.ai/search-result.*
Current URL : https://test.dataimagineers.ai/search-result?search=Does%20Aretec%20have%20knowledge%20of%20how%20to%20change%20transmission%20fluid%20in%20a%201965%20shelby%20cobra?
Waiting for page to load completely...
The page 'Test App' is fully loaded now.
Method: isHistoryCardPresent
Method: clickHistory
Method: clickHistoryCard
Method: clickHistory
Waiting for page to load completely...
The page 'Test App' is fully loaded now.
Method: readAnswer
Method: waitForAnswerGeneration
Waited on Answer text for: 2 seconds.]]>
  </system-out>
</testsuite> <!-- testCases.SearchResultsHistoryValidation -->
