<?xml version="1.0" encoding="UTF-8"?>
<!-- Generated by org.testng.reporters.JUnitReportReporter -->
<testsuite hostname="JessesHP" failures="0" tests="1" name="testCases.SmokeTests.SettingsMenusSmoke" time="13.074" errors="0" timestamp="2023-07-28T15:19:07 EDT" skipped="0">
  <testcase classname="testCases.SmokeTests.SettingsMenusSmoke" name="SettingsMenuSmokeTest" time="13.074"/>
  <system-out>
    <![CDATA[Beginning Login Modular Test...
Waiting for page to load completely...
The page '' is fully loaded now.
Method: setEmail
Method: setPassword
Method: readEmail
Email Address: jesse.childress@aretecinc.com
Method: readEmail
Method: clickLogin
Waiting for page to load completely...
The page '' is fully loaded now.
Expected URL: https://test.dataimagineers.ai/
Current URL : https://test.dataimagineers.ai/
Waiting for page to load completely...
The page 'Test App' is fully loaded now.
Expected URL: https://test.dataimagineers.ai/
Current URL : https://test.dataimagineers.ai/
Waiting for page to load completely...
The page 'Test App' is fully loaded now.
Expected URL: https://test.dataimagineers.ai/settings
Current URL : https://test.dataimagineers.ai/settings
Waiting for page to load completely...
The page 'Test App' is fully loaded now.
Method: isSettingsLeftLinkPresent
Method: isDataDomainsLeftLinkPresent
Method: isMembersLeftLinkPresent
Method: isBillingLeftLinkPresent
Method: clickDataDomainsLeftLink
Waiting for page to load completely...
The page 'Test App' is fully loaded now.
Expected URL: https://test.dataimagineers.ai/settings
Current URL : https://test.dataimagineers.ai/settings
Waiting for page to load completely...
The page 'Test App' is fully loaded now.
Method: readPageHeader
Method: clickSettingsLeftLink
Waiting for page to load completely...
The page 'Test App' is fully loaded now.
Expected URL: https://test.dataimagineers.ai/settings
Current URL : https://test.dataimagineers.ai/settings
Waiting for page to load completely...
The page 'Test App' is fully loaded now.
Method: readPageHeader
Method: clickMembersLeftLink
Waiting for page to load completely...
The page 'Test App' is fully loaded now.
Expected URL: https://test.dataimagineers.ai/settings
Current URL : https://test.dataimagineers.ai/settings
Waiting for page to load completely...
The page 'Test App' is fully loaded now.
Method: readPageHeader
Method: clickBillingLeftLink
Waiting for page to load completely...
The page 'Test App' is fully loaded now.
Expected URL: https://test.dataimagineers.ai/settings
Current URL : https://test.dataimagineers.ai/settings
Waiting for page to load completely...
The page 'Test App' is fully loaded now.
Method: readPageHeader]]>
  </system-out>
</testsuite> <!-- testCases.SmokeTests.SettingsMenusSmoke -->
