<?xml version="1.0" encoding="UTF-8"?>
<!-- Generated by org.testng.reporters.JUnitReportReporter -->
<testsuite hostname="JessesHP" failures="0" tests="1" name="testCases.DocumentDetailsValidation" time="16.325" errors="0" timestamp="2023-08-07T09:41:21 EDT" skipped="0">
  <testcase classname="testCases.DocumentDetailsValidation" name="validateDocumentDetailsPageStructure" time="16.325"/>
  <system-out>
    <![CDATA[Beginning Login Modular Test...
Waiting for page to load completely...
The page '' is fully loaded now.
Method: setEmail
Method: setPassword
Method: readEmail
Email Address: jesse.childress@aretecinc.com
Method: readEmail
Method: clickLogin
Waiting for page to load completely...
The page '' is fully loaded now.
Expected URL: https://test.dataimagineers.ai/
Current URL : https://test.dataimagineers.ai/login
Waiting for page to load completely...
The page '' is fully loaded now.
Expected URL: https://test.dataimagineers.ai/
Current URL : https://test.dataimagineers.ai/
Method: clickDocumentsSlideMenuLink
Waiting for page to load completely...
The page 'Test App' is fully loaded now.
Expected URL: https://test.dataimagineers.ai/documents
Current URL : https://test.dataimagineers.ai/documents
Beginning click Link In Row search for 'Aretec - Test A.pdf' in column 'File Name(s)'.
Method: getPaginationPageNumber
Currently on table page: 1
Method: clickNextPagination
Waiting for page to load completely...
The page 'Test App' is fully loaded now.
Waiting for page to load completely...
The page 'Test App' is fully loaded now.
Beginning click Link In Row search for 'Aretec - Test A.pdf' in column 'File Name(s)'.
Method: getPaginationPageNumber
Currently on table page: 2
Link Aretec - Test A.pdf clicked for row 9.
Waiting for page to load completely...
The page 'Test App' is fully loaded now.
Expected URL: https://test.dataimagineers.ai/doc-details
Current URL : https://test.dataimagineers.ai/doc-details
Waiting for page to load completely...
The page 'Test App' is fully loaded now.
Method: isOverviewLinkPresent
Method: isPoliciesLinkPresent
Method: isPeopleLinkPresent
Method: isTechnologyLinkPresent
Method: isProcessesLinkPresent
Method: isOtherLinkPresent
Method: isImagesLinkPresent
Method: isTablesLinkPresent]]>
  </system-out>
</testsuite> <!-- testCases.DocumentDetailsValidation -->
